{
  "RSpec": {
    "coverage": {
      "/Users/jberg/projects/dirty-laundry-team1-2019/app/helpers/application_helper.rb": [
        1,
        null
      ],
      "/Users/jberg/projects/dirty-laundry-team1-2019/app/mailers/application_mailer.rb": [
        0,
        0,
        0,
        0
      ],
      "/Users/jberg/projects/dirty-laundry-team1-2019/app/models/application_record.rb": [
        0,
        0,
        0
      ],
      "/Users/jberg/projects/dirty-laundry-team1-2019/app/jobs/application_job.rb": [
        0,
        0
      ],
      "/Users/jberg/projects/dirty-laundry-team1-2019/app/controllers/application_controller.rb": [
        0,
        0,
        0
      ],
      "/Users/jberg/projects/dirty-laundry-team1-2019/app/controllers/booking_controller.rb": [
        0,
        0,
        0,
        0
      ]
    },
    "timestamp": 1551292724
  },
  "Cucumber Features": {
    "coverage": {
      "/Users/jberg/projects/dirty-laundry-team1-2019/app/controllers/booking_controller.rb": [
        1,
        1,
        null,
        null
      ],
      "/Users/jberg/projects/dirty-laundry-team1-2019/app/controllers/application_controller.rb": [
        1,
        1,
        null
      ],
      "/Users/jberg/projects/dirty-laundry-team1-2019/app/helpers/application_helper.rb": [
        1,
        null
      ],
      "/Users/jberg/projects/dirty-laundry-team1-2019/app/mailers/application_mailer.rb": [
        0,
        0,
        0,
        0
      ],
      "/Users/jberg/projects/dirty-laundry-team1-2019/app/models/application_record.rb": [
        0,
        0,
        0
      ],
      "/Users/jberg/projects/dirty-laundry-team1-2019/app/jobs/application_job.rb": [
        0,
        0
      ]
    },
    "timestamp": 1551271220
  }
}
